Package: glsl-mode
Fetcher: github
Source:  https://github.com/jimhourihan/glsl-mode

Updating /mnt/store/melpa/working/glsl-mode/
Checking out c5f2c2e7edf8a647eda74abe2cdf73fa6f62ebd2
Copying files (->) and directories (=>)
  from /mnt/store/melpa/working/glsl-mode/
  to /tmp/glsl-mode1f76Rh/glsl-mode-20241021.919
    glsl-db.el -> glsl-db.el
    glsl-mode.el -> glsl-mode.el
    glsl-ts-mode.el -> glsl-ts-mode.el
Created glsl-mode-20241021.919.tar containing:
  glsl-mode-20241021.919/
  glsl-mode-20241021.919/glsl-db.el
  glsl-mode-20241021.919/glsl-mode-pkg.el
  glsl-mode-20241021.919/glsl-mode.el
  glsl-mode-20241021.919/glsl-ts-mode.el
 ✓ Success:
  2025-01-22T11:29:30+0000  glsl-mode-20241021.919.entry
  2025-01-22T11:29:30+0000  glsl-mode-20241021.919.tar
Built glsl-mode in 3.128s, finished at 2025-01-22T11:29:31+0000
