Package: mess
Fetcher: github
Source:  https://github.com/Iacob/mess.el

Updating /mnt/store/melpa/working/mess/
Checking out 65392b0d0ded45de789d4deab28a4ce88de24567
Copying files (->) and directories (=>)
  from /mnt/store/melpa/working/mess/
  to /tmp/messREFUsw/mess-20230718.1533
    mess-base.el -> mess-base.el
    mess-config.el -> mess-config.el
    mess.el -> mess.el
Created mess-20230718.1533.tar containing:
  mess-20230718.1533/
  mess-20230718.1533/mess-base.el
  mess-20230718.1533/mess-config.el
  mess-20230718.1533/mess-pkg.el
  mess-20230718.1533/mess.el
 ✓ Success:
  2025-01-22T11:48:51+0000  mess-20230718.1533.entry
  2025-01-22T11:48:51+0000  mess-20230718.1533.tar
Built mess in 3.843s, finished at 2025-01-22T11:48:52+0000
